<?xml version="1.0" encoding="UTF-8"?>
<testsuite xmlns:xsi="http://www.w3.org/2001/XMLSchema-instance" xsi:noNamespaceSchemaLocation="https://maven.apache.org/surefire/maven-surefire-plugin/xsd/surefire-test-report.xsd" name="fr.insset.paulgilliard.premiere_appli_web.SampleTest" time="0.056" tests="1" errors="0" skipped="0" failures="0">
  <properties>
    <property name="sun.desktop" value="gnome"/>
    <property name="awt.toolkit" value="sun.awt.X11.XToolkit"/>
    <property name="netbeans.deploy" value="true"/>
    <property name="jdk.extensions.version" value="15.0.1.0"/>
    <property name="file.encoding.pkg" value="sun.io"/>
    <property name="java.specification.version" value="15"/>
    <property name="sun.jnu.encoding" value="UTF-8"/>
    <property name="java.class.path" value="/home/paul/Bureau/workspace-JAVAEE/premiere_appli_web/target/test-classes:/home/paul/Bureau/workspace-JAVAEE/premiere_appli_web/target/classes:/home/paul/.m2/repository/jakarta/platform/jakarta.jakartaee-api/8.0.0/jakarta.jakartaee-api-8.0.0.jar:/home/paul/.m2/repository/javax/enterprise/cdi-api/2.0/cdi-api-2.0.jar:/home/paul/.m2/repository/javax/el/javax.el-api/3.0.0/javax.el-api-3.0.0.jar:/home/paul/.m2/repository/javax/interceptor/javax.interceptor-api/1.2/javax.interceptor-api-1.2.jar:/home/paul/.m2/repository/javax/inject/javax.inject/1/javax.inject-1.jar:/home/paul/.m2/repository/javax/ws/rs/javax.ws.rs-api/2.1/javax.ws.rs-api-2.1.jar:/home/paul/.m2/repository/javax/json/bind/javax.json.bind-api/1.0/javax.json.bind-api-1.0.jar:/home/paul/.m2/repository/javax/json/javax.json-api/1.1/javax.json-api-1.1.jar:/home/paul/.m2/repository/javax/annotation/javax.annotation-api/1.3/javax.annotation-api-1.3.jar:/home/paul/.m2/repository/org/eclipse/microprofile/config/microprofile-config-api/1.3/microprofile-config-api-1.3.jar:/home/paul/.m2/repository/org/osgi/org.osgi.annotation.versioning/1.0.0/org.osgi.annotation.versioning-1.0.0.jar:/home/paul/.m2/repository/org/eclipse/microprofile/fault-tolerance/microprofile-fault-tolerance-api/2.0/microprofile-fault-tolerance-api-2.0.jar:/home/paul/.m2/repository/org/eclipse/microprofile/health/microprofile-health-api/2.0/microprofile-health-api-2.0.jar:/home/paul/.m2/repository/org/eclipse/microprofile/metrics/microprofile-metrics-api/2.0.0/microprofile-metrics-api-2.0.0.jar:/home/paul/.m2/repository/org/eclipse/microprofile/jwt/microprofile-jwt-auth-api/1.1/microprofile-jwt-auth-api-1.1.jar:/home/paul/.m2/repository/org/eclipse/microprofile/openapi/microprofile-openapi-api/1.1/microprofile-openapi-api-1.1.jar:/home/paul/.m2/repository/org/eclipse/microprofile/rest/client/microprofile-rest-client-api/1.3/microprofile-rest-client-api-1.3.jar:/home/paul/.m2/repository/org/eclipse/microprofile/opentracing/microprofile-opentracing-api/1.3/microprofile-opentracing-api-1.3.jar:/home/paul/.m2/repository/org/junit/jupiter/junit-jupiter/5.5.0/junit-jupiter-5.5.0.jar:/home/paul/.m2/repository/org/junit/jupiter/junit-jupiter-api/5.5.0/junit-jupiter-api-5.5.0.jar:/home/paul/.m2/repository/org/apiguardian/apiguardian-api/1.1.0/apiguardian-api-1.1.0.jar:/home/paul/.m2/repository/org/opentest4j/opentest4j/1.2.0/opentest4j-1.2.0.jar:/home/paul/.m2/repository/org/junit/platform/junit-platform-commons/1.5.0/junit-platform-commons-1.5.0.jar:/home/paul/.m2/repository/org/junit/jupiter/junit-jupiter-params/5.5.0/junit-jupiter-params-5.5.0.jar:/home/paul/.m2/repository/org/junit/jupiter/junit-jupiter-engine/5.5.0/junit-jupiter-engine-5.5.0.jar:/home/paul/.m2/repository/org/junit/platform/junit-platform-engine/1.5.0/junit-platform-engine-1.5.0.jar:/home/paul/.m2/repository/jstl/jstl/1.2/jstl-1.2.jar:/home/paul/.m2/repository/org/mockito/mockito-core/3.1.0/mockito-core-3.1.0.jar:/home/paul/.m2/repository/net/bytebuddy/byte-buddy/1.9.10/byte-buddy-1.9.10.jar:/home/paul/.m2/repository/net/bytebuddy/byte-buddy-agent/1.9.10/byte-buddy-agent-1.9.10.jar:/home/paul/.m2/repository/org/objenesis/objenesis/2.6/objenesis-2.6.jar:"/>
    <property name="java.vm.vendor" value="Eclipse OpenJ9"/>
    <property name="sun.arch.data.model" value="64"/>
    <property name="com.ibm.vm.bitmode" value="64"/>
    <property name="user.variant" value=""/>
    <property name="com.ibm.oti.vm.library.version" value="29"/>
    <property name="java.vendor.url" value="https://adoptopenjdk.net/"/>
    <property name="user.timezone" value=""/>
    <property name="os.name" value="Linux"/>
    <property name="java.vm.specification.version" value="15"/>
    <property name="sun.java.launcher" value="SUN_STANDARD"/>
    <property name="user.country" value="FR"/>
    <property name="sun.boot.library.path" value="/home/paul/.sdkman/candidates/java/15.0.1.j9-adpt/lib/compressedrefs:/home/paul/.sdkman/candidates/java/15.0.1.j9-adpt/lib"/>
    <property name="sun.java.command" value="/home/paul/Bureau/workspace-JAVAEE/premiere_appli_web/target/surefire/surefirebooter16483642590431870008.jar /home/paul/Bureau/workspace-JAVAEE/premiere_appli_web/target/surefire 2021-01-28T16-40-47_580-jvmRun1 surefire18009213264368678896tmp surefire_014998889162136129445tmp"/>
    <property name="surefire.test.class.path" value="/home/paul/Bureau/workspace-JAVAEE/premiere_appli_web/target/test-classes:/home/paul/Bureau/workspace-JAVAEE/premiere_appli_web/target/classes:/home/paul/.m2/repository/jakarta/platform/jakarta.jakartaee-api/8.0.0/jakarta.jakartaee-api-8.0.0.jar:/home/paul/.m2/repository/javax/enterprise/cdi-api/2.0/cdi-api-2.0.jar:/home/paul/.m2/repository/javax/el/javax.el-api/3.0.0/javax.el-api-3.0.0.jar:/home/paul/.m2/repository/javax/interceptor/javax.interceptor-api/1.2/javax.interceptor-api-1.2.jar:/home/paul/.m2/repository/javax/inject/javax.inject/1/javax.inject-1.jar:/home/paul/.m2/repository/javax/ws/rs/javax.ws.rs-api/2.1/javax.ws.rs-api-2.1.jar:/home/paul/.m2/repository/javax/json/bind/javax.json.bind-api/1.0/javax.json.bind-api-1.0.jar:/home/paul/.m2/repository/javax/json/javax.json-api/1.1/javax.json-api-1.1.jar:/home/paul/.m2/repository/javax/annotation/javax.annotation-api/1.3/javax.annotation-api-1.3.jar:/home/paul/.m2/repository/org/eclipse/microprofile/config/microprofile-config-api/1.3/microprofile-config-api-1.3.jar:/home/paul/.m2/repository/org/osgi/org.osgi.annotation.versioning/1.0.0/org.osgi.annotation.versioning-1.0.0.jar:/home/paul/.m2/repository/org/eclipse/microprofile/fault-tolerance/microprofile-fault-tolerance-api/2.0/microprofile-fault-tolerance-api-2.0.jar:/home/paul/.m2/repository/org/eclipse/microprofile/health/microprofile-health-api/2.0/microprofile-health-api-2.0.jar:/home/paul/.m2/repository/org/eclipse/microprofile/metrics/microprofile-metrics-api/2.0.0/microprofile-metrics-api-2.0.0.jar:/home/paul/.m2/repository/org/eclipse/microprofile/jwt/microprofile-jwt-auth-api/1.1/microprofile-jwt-auth-api-1.1.jar:/home/paul/.m2/repository/org/eclipse/microprofile/openapi/microprofile-openapi-api/1.1/microprofile-openapi-api-1.1.jar:/home/paul/.m2/repository/org/eclipse/microprofile/rest/client/microprofile-rest-client-api/1.3/microprofile-rest-client-api-1.3.jar:/home/paul/.m2/repository/org/eclipse/microprofile/opentracing/microprofile-opentracing-api/1.3/microprofile-opentracing-api-1.3.jar:/home/paul/.m2/repository/org/junit/jupiter/junit-jupiter/5.5.0/junit-jupiter-5.5.0.jar:/home/paul/.m2/repository/org/junit/jupiter/junit-jupiter-api/5.5.0/junit-jupiter-api-5.5.0.jar:/home/paul/.m2/repository/org/apiguardian/apiguardian-api/1.1.0/apiguardian-api-1.1.0.jar:/home/paul/.m2/repository/org/opentest4j/opentest4j/1.2.0/opentest4j-1.2.0.jar:/home/paul/.m2/repository/org/junit/platform/junit-platform-commons/1.5.0/junit-platform-commons-1.5.0.jar:/home/paul/.m2/repository/org/junit/jupiter/junit-jupiter-params/5.5.0/junit-jupiter-params-5.5.0.jar:/home/paul/.m2/repository/org/junit/jupiter/junit-jupiter-engine/5.5.0/junit-jupiter-engine-5.5.0.jar:/home/paul/.m2/repository/org/junit/platform/junit-platform-engine/1.5.0/junit-platform-engine-1.5.0.jar:/home/paul/.m2/repository/jstl/jstl/1.2/jstl-1.2.jar:/home/paul/.m2/repository/org/mockito/mockito-core/3.1.0/mockito-core-3.1.0.jar:/home/paul/.m2/repository/net/bytebuddy/byte-buddy/1.9.10/byte-buddy-1.9.10.jar:/home/paul/.m2/repository/net/bytebuddy/byte-buddy-agent/1.9.10/byte-buddy-agent-1.9.10.jar:/home/paul/.m2/repository/org/objenesis/objenesis/2.6/objenesis-2.6.jar:"/>
    <property name="sun.cpu.endian" value="little"/>
    <property name="user.home" value="/home/paul"/>
    <property name="user.language" value="fr"/>
    <property name="java.specification.vendor" value="Oracle Corporation"/>
    <property name="java.version.date" value="2020-10-20"/>
    <property name="java.home" value="/home/paul/.sdkman/candidates/java/15.0.1.j9-adpt"/>
    <property name="ibm.signalhandling.rs" value="false"/>
    <property name="file.separator" value="/"/>
    <property name="jdk.extensions.name" value="Extensions for OpenJDK for Eclipse OpenJ9"/>
    <property name="basedir" value="/home/paul/Bureau/workspace-JAVAEE/premiere_appli_web"/>
    <property name="line.separator" value="&#10;"/>
    <property name="java.vm.specification.vendor" value="Oracle Corporation"/>
    <property name="java.specification.name" value="Java Platform API Specification"/>
    <property name="java.compiler" value="j9jit29"/>
    <property name="com.ibm.util.extralibs.properties" value=""/>
    <property name="java.awt.graphicsenv" value="sun.awt.X11GraphicsEnvironment"/>
    <property name="com.ibm.oti.configuration" value="scar"/>
    <property name="java.awt.fonts" value=""/>
    <property name="surefire.real.class.path" value="/home/paul/Bureau/workspace-JAVAEE/premiere_appli_web/target/surefire/surefirebooter16483642590431870008.jar"/>
    <property name="com.ibm.oti.shared.enabled" value="false"/>
    <property name="jdk.boot.class.path.append" value=""/>
    <property name="com.ibm.oti.vm.bootstrap.library.path" value="/home/paul/.sdkman/candidates/java/15.0.1.j9-adpt/lib/compressedrefs:/home/paul/.sdkman/candidates/java/15.0.1.j9-adpt/lib"/>
    <property name="com.ibm.cpu.endian" value="little"/>
    <property name="java.fullversion" value="15.0.1+9&#10;JRE 15 Linux amd64-64-Bit Compressed References 20201022_81 (JIT enabled, AOT enabled)&#10;OpenJ9   - 0394ef754&#10;OMR      - 582366ae5&#10;JCL      - ad583de3b5 based on jdk-15.0.1+9"/>
    <property name="netbeans.deploy.clientUrlPart" value="/index.jspx"/>
    <property name="java.runtime.version" value="15.0.1+9"/>
    <property name="user.name" value="paul"/>
    <property name="path.separator" value=":"/>
    <property name="os.version" value="5.8.0-38-generic"/>
    <property name="java.runtime.name" value="OpenJDK Runtime Environment"/>
    <property name="ibm.signalhandling.sigint" value="true"/>
    <property name="file.encoding" value="UTF-8"/>
    <property name="java.vm.name" value="Eclipse OpenJ9 VM"/>
    <property name="java.vendor.version" value="AdoptOpenJDK"/>
    <property name="maven.ext.class.path" value="/snap/netbeans/41/netbeans/java/maven-nblib/netbeans-eventspy.jar"/>
    <property name="ibm.signalhandling.sigchain" value="true"/>
    <property name="localRepository" value="/home/paul/.m2/repository"/>
    <property name="java.vendor.url.bug" value="https://github.com/AdoptOpenJDK/openjdk-support/issues"/>
    <property name="java.io.tmpdir" value="/tmp"/>
    <property name="java.version" value="15.0.1"/>
    <property name="com.ibm.system.agent.path" value="/home/paul/.sdkman/candidates/java/15.0.1.j9-adpt/lib"/>
    <property name="user.dir" value="/home/paul/Bureau/workspace-JAVAEE/premiere_appli_web"/>
    <property name="os.arch" value="amd64"/>
    <property name="java.vm.specification.name" value="Java Virtual Machine Specification"/>
    <property name="java.awt.printerjob" value="sun.print.PSPrinterJob"/>
    <property name="sun.nio.PageAlignDirectMemory" value="false"/>
    <property name="os.encoding" value="UTF-8"/>
    <property name="java.library.path" value="/home/paul/.sdkman/candidates/java/15.0.1.j9-adpt/lib/compressedrefs:/home/paul/.sdkman/candidates/java/15.0.1.j9-adpt/lib:/usr/lib64:/usr/lib"/>
    <property name="java.vendor" value="AdoptOpenJDK"/>
    <property name="java.vm.info" value="JRE 15 Linux amd64-64-Bit Compressed References 20201022_81 (JIT enabled, AOT enabled)&#10;OpenJ9   - 0394ef754&#10;OMR      - 582366ae5&#10;JCL      - ad583de3b5 based on jdk-15.0.1+9"/>
    <property name="sun.nio.MaxDirectMemorySize" value="1594335232"/>
    <property name="java.vm.version" value="openj9-0.23.0"/>
    <property name="com.ibm.jcl.checkClassPath" value=""/>
    <property name="ibm.system.encoding" value="UTF-8"/>
    <property name="sun.io.unicode.encoding" value="UnicodeLittle"/>
    <property name="java.class.version" value="59.0"/>
  </properties>
  <testcase name="simpleJUnit5Test" classname="fr.insset.paulgilliard.premiere_appli_web.SampleTest" time="0.038"/>
</testsuite>